Articuno Artem from the team Blue enters the battle!
Porygon Polina from the team Black enters the battle!
Articuno Artem does Swagger.
Articuno Artem increases attack.

Porygon Polina does DreamEater.
Articuno Artem loses 5 hit points.

Articuno Artem does Swagger.
Articuno Artem increases attack.

Porygon Polina does Tackle.
Articuno Artem loses 7 hit points.

Articuno Artem does Swagger.
Articuno Artem increases attack.

Porygon Polina does Tackle.
Articuno Artem loses 7 hit points.
Articuno Artem faints.
Archen Vladimir from the team Blue enters the battle!
Archen Vladimir does DragonClaw.
Porygon Polina loses 5 hit points.

Porygon Polina does DreamEater.
Archen Vladimir loses 5 hit points.

Archen Vladimir does WingAttack.
Porygon Polina loses 5 hit points.

Porygon Polina hits himself in confusion.
Porygon Polina loses 4 hit points.
Porygon Polina faints.
Porygon2 Petr from the team Black enters the battle!
Archen Vladimir does WingAttack.
Porygon2 Petr loses 5 hit points.

Porygon2 Petr does DefenseCurl.

Archen Vladimir does WingAttack.
Porygon2 Petr loses 6 hit points.

Porygon2 Petr does Tackle.
Archen Vladimir loses 3 hit points.

Archen Vladimir does DragonBreath.
Porygon2 Petr loses 5 hit points.
Porygon2 Petr faints.
PorygonZ Michael from the team Black enters the battle!
PorygonZ Michael does Tackle.
Archen Vladimir loses 3 hit points.

Archen Vladimir does DragonBreath.
PorygonZ Michael loses 6 hit points.

PorygonZ Michael does Tackle.
Archen Vladimir loses 3 hit points.
Archen Vladimir faints.
Archeops Ivan from the team Blue enters the battle!
Archeops Ivan does FocusBlast.
PorygonZ Michael loses 13 hit points.
PorygonZ Michael faints.
Team Black loses its last Pokemon.
The team Blue wins the battle!



Articuno Artem from the team Greren enters the battle!
Porygon Polina from the team Blue enters the battle!
Articuno Artem does Swagger.
Articuno Artem increases attack.

Porygon Polina does Tackle.
Articuno Artem loses 4 hit points.

Articuno Artem misses

Porygon Polina hits himself in confusion.
Porygon Polina loses 5 hit points.

Articuno Artem misses

Porygon Polina does Tackle.
Articuno Artem loses 7 hit points.

Articuno Artem misses

Porygon Polina does Tackle.
Articuno Artem loses 8 hit points.
Articuno Artem faints.
Archen Vladimir from the team Greren enters the battle!
Archen Vladimir does WingAttack.
Porygon Polina loses 8 hit points.
Porygon Polina faints.
Porygon2 Petr from the team Blue enters the battle!
Archen Vladimir does DragonBreath.
Porygon2 Petr loses 4 hit points.

Porygon2 Petr does DefenseCurl.

Archen Vladimir does DragonBreath.
Porygon2 Petr loses 4 hit points.
Porygon2 Petr is paralyzed

Porygon2 Petr does DreamEater.
Critical hit!
Archen Vladimir loses 11 hit points.

Porygon2 Petr does DefenseCurl.

Archen Vladimir does DragonBreath.
Porygon2 Petr loses 5 hit points.
Porygon2 Petr faints.
PorygonZ Michael from the team Blue enters the battle!
PorygonZ Michael does DreamEater.
Archen Vladimir loses 6 hit points.
Archen Vladimir faints.
Archeops Ivan from the team Greren enters the battle!
Archeops Ivan does FocusBlast.
PorygonZ Michael loses 10 hit points.

PorygonZ Michael does DreamEater.
Archeops Ivan loses 8 hit points.

Archeops Ivan does FocusBlast.
PorygonZ Michael loses 14 hit points.
PorygonZ Michael faints.
Team Blue loses its last Pokemon.
The team Greren wins the battle!



Articuno Artem from the team Black enters the battle!
Porygon Polina from the team Purple enters the battle!
Articuno Artem misses

Porygon Polina does DreamEater.
Articuno Artem loses 4 hit points.

Articuno Artem misses

Porygon Polina does DreamEater.
Articuno Artem loses 4 hit points.

Articuno Artem does Blizzard.
Porygon Polina loses 7 hit points.

Porygon Polina does DreamEater.
Articuno Artem loses 5 hit points.
Articuno Artem faints.
Archen Vladimir from the team Black enters the battle!
Archen Vladimir does DragonClaw.
Porygon Polina loses 4 hit points.

Porygon Polina does Tackle.
Archen Vladimir loses 3 hit points.

Archen Vladimir does WingAttack.
Porygon Polina loses 6 hit points.
Porygon Polina faints.
Porygon2 Petr from the team Purple enters the battle!
Archen Vladimir does DragonClaw.
Porygon2 Petr loses 4 hit points.

Porygon2 Petr does Tackle.
Archen Vladimir loses 4 hit points.

Archen Vladimir does DragonBreath.
Porygon2 Petr loses 5 hit points.

Porygon2 Petr does DreamEater.
Archen Vladimir loses 6 hit points.
Archen Vladimir faints.
Archeops Ivan from the team Black enters the battle!
Archeops Ivan does FocusBlast.
Porygon2 Petr loses 10 hit points.
Porygon2 Petr faints.
PorygonZ Michael from the team Purple enters the battle!
Archeops Ivan does FocusBlast.
PorygonZ Michael loses 15 hit points.
PorygonZ Michael faints.
Team Purple loses its last Pokemon.
The team Black wins the battle!

